<?xml version="1.0" encoding="UTF-8"?>
<!-- Generated by org.testng.reporters.JUnitReportReporter -->
<testsuite hostname="DESKTOP-GH9PSVH" failures="0" tests="1" name="com.project.testcases.TC_LoginTest_001" time="15.232" errors="0" timestamp="2020-12-16T22:47:42 IST" skipped="0">
  <testcase classname="com.project.testcases.TC_LoginTest_001" name="loginTest" time="15.232"/>
  <system-out/>
</testsuite> <!-- com.project.testcases.TC_LoginTest_001 -->
