<?xml version="1.0" encoding="UTF-8"?>
<!-- Generated by org.testng.reporters.JUnitReportReporter -->
<testsuite hostname="DESKTOP-8BLJPQ9" failures="0" tests="1" name="com.project.testcases.TC_LoginTest_001" time="43.487" errors="0" timestamp="2022-10-05T19:18:29 IST" skipped="0">
  <testcase classname="com.project.testcases.TC_LoginTest_001" name="loginTest" time="43.487"/>
  <system-out/>
</testsuite> <!-- com.project.testcases.TC_LoginTest_001 -->
