<?xml version="1.0" encoding="UTF-8"?>
<!-- Generated by org.testng.reporters.JUnitReportReporter -->
<testsuite hostname="DESKTOP-8BLJPQ9" failures="0" tests="1" name="com.project.testcases.TC_OrderingTest_002" time="47.952" errors="0" timestamp="2022-09-18T17:23:38 IST" skipped="0">
  <testcase classname="com.project.testcases.TC_OrderingTest_002" name="ordering" time="47.952"/>
  <system-out/>
</testsuite> <!-- com.project.testcases.TC_OrderingTest_002 -->
